<?xml version="1.0" encoding="UTF-8"?>
<!-- Generated by org.testng.reporters.JUnitReportReporter -->
<testsuite skipped="1" hostname="DESKTOP-JLK5F3G" name="com.bolsadeideas.springboot.app.SpringBootDataJpaApplicationNGTest" tests="2" failures="0" timestamp="16 Dec 2021 21:58:34 GMT" time="0.736" errors="1">
  <testcase name="testSomeMethod" time="0.000" classname="com.bolsadeideas.springboot.app.SpringBootDataJpaApplicationNGTest">
    <skipped/>
  </testcase> <!-- testSomeMethod -->
  <testcase name="setUpMethod" time="0.736" classname="com.bolsadeideas.springboot.app.SpringBootDataJpaApplicationNGTest">
    <error type="java.lang.IllegalAccessError" message="tried to access method com.google.common.util.concurrent.SimpleTimeLimiter.&lt;init&gt;(Ljava/util/concurrent/ExecutorService;)V from class org.openqa.selenium.net.UrlChecker">
      <![CDATA[java.lang.IllegalAccessError: tried to access method com.google.common.util.concurrent.SimpleTimeLimiter.<init>(Ljava/util/concurrent/ExecutorService;)V from class org.openqa.selenium.net.UrlChecker
at org.openqa.selenium.net.UrlChecker.<init>(UrlChecker.java:67)
at org.openqa.selenium.remote.service.DriverService.waitUntilAvailable(DriverService.java:175)
at org.openqa.selenium.remote.service.DriverService.start(DriverService.java:166)
at org.openqa.selenium.remote.service.DriverCommandExecutor.execute(DriverCommandExecutor.java:78)
at org.openqa.selenium.remote.RemoteWebDriver.execute(RemoteWebDriver.java:644)
at org.openqa.selenium.remote.RemoteWebDriver.startSession(RemoteWebDriver.java:249)
at org.openqa.selenium.remote.RemoteWebDriver.<init>(RemoteWebDriver.java:131)
at org.openqa.selenium.remote.RemoteWebDriver.<init>(RemoteWebDriver.java:144)
at org.openqa.selenium.chrome.ChromeDriver.<init>(ChromeDriver.java:170)
at org.openqa.selenium.chrome.ChromeDriver.<init>(ChromeDriver.java:159)
at org.openqa.selenium.chrome.ChromeDriver.<init>(ChromeDriver.java:116)
at com.bolsadeideas.springboot.app.SpringBootDataJpaApplicationNGTest.setUpMethod(SpringBootDataJpaApplicationNGTest.java:31)
at sun.reflect.NativeMethodAccessorImpl.invoke0(Native Method)
at sun.reflect.NativeMethodAccessorImpl.invoke(NativeMethodAccessorImpl.java:62)
at sun.reflect.DelegatingMethodAccessorImpl.invoke(DelegatingMethodAccessorImpl.java:43)
at java.lang.reflect.Method.invoke(Method.java:498)
at org.testng.internal.MethodInvocationHelper.invokeMethod(MethodInvocationHelper.java:124)
at org.testng.internal.MethodInvocationHelper.invokeMethodConsideringTimeout(MethodInvocationHelper.java:59)
at org.testng.internal.Invoker.invokeConfigurationMethod(Invoker.java:458)
at org.testng.internal.Invoker.invokeConfigurations(Invoker.java:222)
at org.testng.internal.Invoker.invokeMethod(Invoker.java:523)
at org.testng.internal.Invoker.invokeTestMethod(Invoker.java:719)
at org.testng.internal.Invoker.invokeTestMethods(Invoker.java:989)
at org.testng.internal.TestMethodWorker.invokeTestMethods(TestMethodWorker.java:125)
at org.testng.internal.TestMethodWorker.run(TestMethodWorker.java:109)
at org.testng.TestRunner.privateRun(TestRunner.java:648)
at org.testng.TestRunner.run(TestRunner.java:505)
at org.testng.SuiteRunner.runTest(SuiteRunner.java:455)
at org.testng.SuiteRunner.runSequentially(SuiteRunner.java:450)
at org.testng.SuiteRunner.privateRun(SuiteRunner.java:415)
at org.testng.SuiteRunner.run(SuiteRunner.java:364)
at org.testng.SuiteRunnerWorker.runSuite(SuiteRunnerWorker.java:52)
at org.testng.SuiteRunnerWorker.run(SuiteRunnerWorker.java:84)
at org.testng.TestNG.runSuitesSequentially(TestNG.java:1208)
at org.testng.TestNG.runSuitesLocally(TestNG.java:1137)
at org.testng.TestNG.runSuites(TestNG.java:1049)
at org.testng.TestNG.run(TestNG.java:1017)
at org.apache.maven.surefire.testng.TestNGExecutor.run(TestNGExecutor.java:132)
at org.apache.maven.surefire.testng.TestNGDirectoryTestSuite.executeSingleClass(TestNGDirectoryTestSuite.java:112)
at org.apache.maven.surefire.testng.TestNGDirectoryTestSuite.execute(TestNGDirectoryTestSuite.java:99)
at org.apache.maven.surefire.testng.TestNGProvider.invoke(TestNGProvider.java:147)
at org.apache.maven.surefire.booter.ForkedBooter.invokeProviderInSameClassLoader(ForkedBooter.java:290)
at org.apache.maven.surefire.booter.ForkedBooter.runSuitesInProcess(ForkedBooter.java:242)
at org.apache.maven.surefire.booter.ForkedBooter.main(ForkedBooter.java:121)
]]>
    </error>
  </testcase> <!-- setUpMethod -->
</testsuite> <!-- com.bolsadeideas.springboot.app.SpringBootDataJpaApplicationNGTest -->
